[2023-06-20 18:27:40,864][conftest.py 12][INFO]: 开始执行测试用例
[2023-06-20 18:27:40,868][rest_client.py 49][INFO]: 接口请求的地址>>>
http://jsonplaceholder.typicode.com/shouji/query
[2023-06-20 18:27:40,868][rest_client.py 50][INFO]: 接口请求的方法>>>
GET
[2023-06-20 18:27:40,868][rest_client.py 56][INFO]: 接口请求的params参数>>>
{
  "shouji": 13456755448,
  "appkey": "0c818521d38759e1"
}
[2023-06-20 18:27:41,018][response_util.py 15][INFO]: 接口的返回内容>>>:{"status": 0, "msg": "ok", "result": {"shouji": "13456755448", "province": "浙江", "city": "杭州", "company": "中国移动", "cardtype": null, "areacode": "0571"}}
[2023-06-20 18:27:41,019][conftest.py 14][INFO]: 测试用例执行完毕
[2023-06-20 18:28:45,169][conftest.py 12][INFO]: 开始执行测试用例
[2023-06-20 18:28:45,173][rest_client.py 49][INFO]: 接口请求的地址>>>
http://jsonplaceholder.typicode.com/shouji/query
[2023-06-20 18:28:45,174][rest_client.py 50][INFO]: 接口请求的方法>>>
GET
[2023-06-20 18:28:45,174][rest_client.py 56][INFO]: 接口请求的params参数>>>
{
  "shouji": 13456755448,
  "appkey": "0c818521d38759e1"
}
[2023-06-20 18:28:45,308][response_util.py 15][INFO]: 接口的返回内容>>>:{"status": 0, "msg": "ok", "result": {"shouji": "13456755448", "province": "浙江", "city": "杭州", "company": "中国移动", "cardtype": null, "areacode": "0571"}}
[2023-06-20 18:28:45,309][conftest.py 14][INFO]: 测试用例执行完毕
[2023-06-20 18:33:34,209][conftest.py 12][INFO]: 开始执行测试用例
[2023-06-20 18:33:34,213][rest_client.py 49][INFO]: 接口请求的地址>>>
http://jsonplaceholder.typicode.com/shouji/query
[2023-06-20 18:33:34,213][rest_client.py 50][INFO]: 接口请求的方法>>>
GET
[2023-06-20 18:33:34,213][rest_client.py 56][INFO]: 接口请求的params参数>>>
{
  "shouji": 13456755448,
  "appkey": "0c818521d38759e1"
}
[2023-06-20 18:33:34,360][response_util.py 15][INFO]: 接口的返回内容>>>:{"status": 0, "msg": "ok", "result": {"shouji": "13456755448", "province": "浙江", "city": "杭州", "company": "中国移动", "cardtype": null, "areacode": "0571"}}
[2023-06-20 18:33:34,362][conftest.py 14][INFO]: 测试用例执行完毕
[2023-06-20 19:52:49,625][conftest.py 12][INFO]: 开始执行测试用例
[2023-06-20 19:52:49,630][rest_client.py 49][INFO]: 接口请求的地址>>>
http://jsonplaceholder.typicode.com/shouji/query
[2023-06-20 19:52:49,630][rest_client.py 50][INFO]: 接口请求的方法>>>
GET
[2023-06-20 19:52:49,630][rest_client.py 56][INFO]: 接口请求的params参数>>>
{
  "shouji": 13456755448,
  "appkey": "0c818521d38759e1"
}
[2023-06-20 19:52:49,811][response_util.py 15][INFO]: 接口的返回内容>>>:{"status": 0, "msg": "ok", "result": {"shouji": "13456755448", "province": "浙江", "city": "杭州", "company": "中国移动", "cardtype": null, "areacode": "0571"}}
[2023-06-20 19:52:49,812][conftest.py 14][INFO]: 测试用例执行完毕
[2023-06-20 19:53:30,270][conftest.py 12][INFO]: 开始执行测试用例
[2023-06-20 19:53:30,274][rest_client.py 49][INFO]: 接口请求的地址>>>
http://jsonplaceholder.typicode.com/shouji/query
[2023-06-20 19:53:30,274][rest_client.py 50][INFO]: 接口请求的方法>>>
GET
[2023-06-20 19:53:30,275][rest_client.py 56][INFO]: 接口请求的params参数>>>
{
  "shouji": 13456755448,
  "appkey": "0c818521d38759e1"
}
[2023-06-20 19:53:30,419][response_util.py 15][INFO]: 接口的返回内容>>>:{"status": 0, "msg": "ok", "result": {"shouji": "13456755448", "province": "浙江", "city": "杭州", "company": "中国移动", "cardtype": null, "areacode": "0571"}}
[2023-06-20 19:53:30,420][conftest.py 14][INFO]: 测试用例执行完毕
[2023-06-20 19:56:11,754][conftest.py 12][INFO]: 开始执行测试用例
[2023-06-20 19:56:11,758][rest_client.py 49][INFO]: 接口请求的地址>>>
http://jsonplaceholder.typicode.com/shouji/query
[2023-06-20 19:56:11,758][rest_client.py 50][INFO]: 接口请求的方法>>>
GET
[2023-06-20 19:56:11,758][rest_client.py 56][INFO]: 接口请求的params参数>>>
{
  "shouji": 13456755448,
  "appkey": "0c818521d38759e1"
}
[2023-06-20 19:56:11,912][response_util.py 15][INFO]: 接口的返回内容>>>:{"status": 0, "msg": "ok", "result": {"shouji": "13456755448", "province": "浙江", "city": "杭州", "company": "中国移动", "cardtype": null, "areacode": "0571"}}
[2023-06-20 19:56:11,916][conftest.py 14][INFO]: 测试用例执行完毕
[2023-06-20 19:57:36,651][conftest.py 12][INFO]: 开始执行测试用例
[2023-06-20 19:57:36,655][rest_client.py 49][INFO]: 接口请求的地址>>>
http://jsonplaceholder.typicode.com/shouji/query
[2023-06-20 19:57:36,655][rest_client.py 50][INFO]: 接口请求的方法>>>
GET
[2023-06-20 19:57:36,655][rest_client.py 56][INFO]: 接口请求的params参数>>>
{
  "shouji": 13456755448,
  "appkey": "0c818521d38759e1"
}
[2023-06-20 19:57:36,795][response_util.py 15][INFO]: 接口的返回内容>>>:{"status": 0, "msg": "ok", "result": {"shouji": "13456755448", "province": "浙江", "city": "杭州", "company": "中国移动", "cardtype": null, "areacode": "0571"}}
[2023-06-20 19:57:36,796][conftest.py 14][INFO]: 测试用例执行完毕
[2023-06-20 20:01:04,073][conftest.py 12][INFO]: 开始执行测试用例
[2023-06-20 20:01:04,076][rest_client.py 49][INFO]: 接口请求的地址>>>
http://jsonplaceholder.typicode.com/shouji/query
[2023-06-20 20:01:04,076][rest_client.py 50][INFO]: 接口请求的方法>>>
GET
[2023-06-20 20:01:04,076][rest_client.py 56][INFO]: 接口请求的params参数>>>
{
  "shouji": 13456755448,
  "appkey": "0c818521d38759e1"
}
[2023-06-20 20:01:04,231][response_util.py 15][INFO]: 接口的返回内容>>>:{"status": 0, "msg": "ok", "result": {"shouji": "13456755448", "province": "浙江", "city": "杭州", "company": "中国移动", "cardtype": null, "areacode": "0571"}}
[2023-06-20 20:01:04,235][conftest.py 14][INFO]: 测试用例执行完毕
[2023-06-20 20:01:04,249][conftest.py 12][INFO]: 开始执行测试用例
[2023-06-20 20:01:04,255][rest_client.py 49][INFO]: 接口请求的地址>>>
http://jsonplaceholder.typicode.com/shouji/query
[2023-06-20 20:01:04,255][rest_client.py 50][INFO]: 接口请求的方法>>>
GET
[2023-06-20 20:01:04,255][rest_client.py 56][INFO]: 接口请求的params参数>>>
{
  "shouji": 13456755448,
  "appkey": "0c818521d38759e1"
}
[2023-06-20 20:01:04,387][response_util.py 15][INFO]: 接口的返回内容>>>:{"status": 0, "msg": "ok", "result": {"shouji": "13456755448", "province": "浙江", "city": "杭州", "company": "中国移动", "cardtype": null, "areacode": "0571"}}
[2023-06-20 20:01:04,388][conftest.py 14][INFO]: 测试用例执行完毕
[2023-06-20 20:07:29,805][conftest.py 12][INFO]: 开始执行测试用例
[2023-06-20 20:07:29,809][rest_client.py 49][INFO]: 接口请求的地址>>>
http://jsonplaceholder.typicode.com/shouji/query
[2023-06-20 20:07:29,809][rest_client.py 50][INFO]: 接口请求的方法>>>
GET
[2023-06-20 20:07:29,809][rest_client.py 56][INFO]: 接口请求的params参数>>>
{
  "shouji": 13456755448,
  "appkey": "0c818521d38759e1"
}
[2023-06-20 20:07:29,973][response_util.py 15][INFO]: 接口的返回内容>>>:{"status": 0, "msg": "ok", "result": {"shouji": "13456755448", "province": "浙江", "city": "杭州", "company": "中国移动", "cardtype": null, "areacode": "0571"}}
[2023-06-20 20:07:29,973][conftest.py 14][INFO]: 测试用例执行完毕
[2023-06-20 20:07:29,978][conftest.py 12][INFO]: 开始执行测试用例
[2023-06-20 20:07:29,983][rest_client.py 49][INFO]: 接口请求的地址>>>
http://jsonplaceholder.typicode.com/shouji/query
[2023-06-20 20:07:29,983][rest_client.py 50][INFO]: 接口请求的方法>>>
GET
[2023-06-20 20:07:29,983][rest_client.py 56][INFO]: 接口请求的params参数>>>
{
  "shouji": 13456755448,
  "appkey": "0c818521d38759e1"
}
[2023-06-20 20:07:30,107][response_util.py 15][INFO]: 接口的返回内容>>>:{"status": 0, "msg": "ok", "result": {"shouji": "13456755448", "province": "浙江", "city": "杭州", "company": "中国移动", "cardtype": null, "areacode": "0571"}}
[2023-06-20 20:07:30,108][conftest.py 14][INFO]: 测试用例执行完毕
[2023-06-20 20:07:30,112][conftest.py 12][INFO]: 开始执行测试用例
[2023-06-20 20:07:30,115][rest_client.py 49][INFO]: 接口请求的地址>>>
http://jsonplaceholder.typicode.com/shouji/query
[2023-06-20 20:07:30,115][rest_client.py 50][INFO]: 接口请求的方法>>>
GET
[2023-06-20 20:07:30,115][rest_client.py 56][INFO]: 接口请求的params参数>>>
{
  "shouji": 13456755448,
  "appkey": "0c818521d38759e1"
}
[2023-06-20 20:07:30,242][response_util.py 15][INFO]: 接口的返回内容>>>:{"status": 0, "msg": "ok", "result": {"shouji": "13456755448", "province": "浙江", "city": "杭州", "company": "中国移动", "cardtype": null, "areacode": "0571"}}
[2023-06-20 20:07:30,312][conftest.py 14][INFO]: 测试用例执行完毕
